[debug] [2021-07-24T00:43:16.495Z] ----------------------------------------------------------------------
[debug] [2021-07-24T00:43:16.497Z] Command:       C:\Program Files\nodejs\node.exe C:\Users\alexi\AppData\Roaming\npm\node_modules\firebase-tools\lib\bin\firebase.js init
[debug] [2021-07-24T00:43:16.497Z] CLI Version:   9.16.0
[debug] [2021-07-24T00:43:16.497Z] Platform:      win32
[debug] [2021-07-24T00:43:16.497Z] Node Version:  v12.18.3
[debug] [2021-07-24T00:43:16.498Z] Time:          Fri Jul 23 2021 19:43:16 GMT-0500 (GMT-05:00)
[debug] [2021-07-24T00:43:16.499Z] ----------------------------------------------------------------------
[debug] 
[debug] [2021-07-24T00:43:16.506Z] > command requires scopes: ["email","openid","https://www.googleapis.com/auth/cloudplatformprojects.readonly","https://www.googleapis.com/auth/firebase","https://www.googleapis.com/auth/cloud-platform"]
[debug] [2021-07-24T00:43:16.507Z] > authorizing via signed-in user (alexisbedoya123@gmail.com)
[info] 
     ######## #### ########  ######## ########     ###     ######  ########
     ##        ##  ##     ## ##       ##     ##  ##   ##  ##       ##
     ######    ##  ########  ######   ########  #########  ######  ######
     ##        ##  ##    ##  ##       ##     ## ##     ##       ## ##
     ##       #### ##     ## ######## ########  ##     ##  ######  ########

You're about to initialize a Firebase project in this directory:

  C:\Users\alexi\Documents\projects\prueba

[info] 
=== Project Setup
[info] 
[info] First, let's associate this project directory with a Firebase project.
[info] You can create multiple project aliases by running firebase use --add, 
[info] but for now we'll just set up a default project.
[info] 
[debug] [2021-07-24T00:44:49.040Z] >>> [apiv2][query] GET https://firebase.googleapis.com/v1beta1/projects pageSize=100
[debug] [2021-07-24T00:44:49.624Z] <<< [apiv2][status] GET https://firebase.googleapis.com/v1beta1/projects 200
[debug] [2021-07-24T00:44:49.625Z] <<< [apiv2][body] GET https://firebase.googleapis.com/v1beta1/projects [omitted]
[info] i  Using project myprofile-1c0e6 (myprofile) 
[info] 
=== Hosting Setup
[info] 
[info] Your public directory is the folder (relative to your project directory) that
[info] will contain Hosting assets to be uploaded with firebase deploy. If you
[info] have a build process for your assets, use your build's output directory.
[info] 
[debug] [2021-07-24T00:45:29.373Z] >>> [apiv2][query] GET https://www.gstatic.com/firebasejs/releases.json [none]
[debug] [2021-07-24T00:45:29.671Z] <<< [apiv2][status] GET https://www.gstatic.com/firebasejs/releases.json 200
[debug] [2021-07-24T00:45:29.671Z] <<< [apiv2][body] GET https://www.gstatic.com/firebasejs/releases.json {"current":{"version":"8.8.0","browserURL":"https://www.gstatic.com/firebasejs/8.8.0/firebase.js","packageURL":"https://www.gstatic.com/firebasejs/8.8.0/firebase.tgz"},"live":{"version":"8.8","browserURL":"https://www.gstatic.com/firebasejs/live/8.8/firebase.js","packageURL":"https://www.gstatic.com/firebasejs/live/8.8/firebase.tgz"},"components":{"analytics":"https://www.gstatic.com/firebasejs/8.8.0/firebase-analytics.js","app":"https://www.gstatic.com/firebasejs/8.8.0/firebase-app.js","app-check":"https://www.gstatic.com/firebasejs/8.8.0/firebase-app-check.js","auth":"https://www.gstatic.com/firebasejs/8.8.0/firebase-auth.js","database":"https://www.gstatic.com/firebasejs/8.8.0/firebase-database.js","firestore":"https://www.gstatic.com/firebasejs/8.8.0/firebase-firestore.js","functions":"https://www.gstatic.com/firebasejs/8.8.0/firebase-functions.js","installations":"https://www.gstatic.com/firebasejs/8.8.0/firebase-installations.js","messaging":"https://www.gstatic.com/firebasejs/8.8.0/firebase-messaging.js","storage":"https://www.gstatic.com/firebasejs/8.8.0/firebase-storage.js","performance":"https://www.gstatic.com/firebasejs/8.8.0/firebase-performance.js","remote-config":"https://www.gstatic.com/firebasejs/8.8.0/firebase-remote-config.js","firestore.memory":"https://www.gstatic.com/firebasejs/8.8.0/firebase-firestore.memory.js"}}
[info] +  Wrote public/index.html 
[info] 
=== Hosting:github Setup
[info] 
[info] i  Detected a .git folder at C:\Users\alexi\Documents\projects\prueba 
[info] i  Authorizing with GitHub to upload your service account to a GitHub repository's secrets store. 
[info] 
[info] Visit this URL on this device to log in:
[info] https://github.com/login/oauth/authorize?client_id=89cf50f02ac6aaed3484&state=722304244&redirect_uri=http%3A%2F%2Flocalhost%3A9005&scope=read%3Auser%20repo%20public_repo
[info] 
[info] Waiting for authentication...
[debug] [2021-07-24T00:45:48.898Z] >>> HTTP REQUEST POST https://github.com/login/oauth/access_token  
 {"client_id":"89cf50f02ac6aaed3484","client_secret":"3330d14abc895d9a74d5f17cd7a00711fa2c5bf0","code":"9c65cc06a6f2b5d4b070","redirect_uri":"http://localhost:9005","state":"722304244"}
[debug] [2021-07-24T00:45:49.193Z] <<< HTTP RESPONSE 200 {"server":"GitHub.com","date":"Sat, 24 Jul 2021 00:45:49 GMT","content-type":"application/json; charset=utf-8","transfer-encoding":"chunked","vary":"X-PJAX, Accept-Encoding, Accept, X-Requested-With","permissions-policy":"interest-cohort=()","etag":"W/\"4970dbde62cc374ad1989b9a9e11d04d\"","cache-control":"max-age=0, private, must-revalidate","strict-transport-security":"max-age=31536000; includeSubdomains; preload","x-frame-options":"deny","x-content-type-options":"nosniff","x-xss-protection":"0","referrer-policy":"origin-when-cross-origin, strict-origin-when-cross-origin","expect-ct":"max-age=2592000, report-uri=\"https://api.github.com/_private/browser/errors\"","content-security-policy":"default-src 'none'; base-uri 'self'; block-all-mixed-content; connect-src 'self' uploads.github.com www.githubstatus.com collector.githubapp.com api.github.com github-cloud.s3.amazonaws.com github-production-repository-file-5c1aeb.s3.amazonaws.com github-production-upload-manifest-file-7fdce7.s3.amazonaws.com github-production-user-asset-6210df.s3.amazonaws.com cdn.optimizely.com logx.optimizely.com/v1/events translator.github.com wss://alive.github.com; font-src github.githubassets.com; form-action 'self' github.com gist.github.com; frame-ancestors 'none'; frame-src render.githubusercontent.com render-temp.githubusercontent.com viewscreen.githubusercontent.com; img-src 'self' data: github.githubassets.com identicons.github.com collector.githubapp.com github-cloud.s3.amazonaws.com secured-user-images.githubusercontent.com/ *.githubusercontent.com; manifest-src 'self'; media-src 'none'; script-src github.githubassets.com; style-src 'unsafe-inline' github.githubassets.com; worker-src github.com/socket-worker-3f088aa2.js gist.github.com/socket-worker-3f088aa2.js","x-github-request-id":"CA7D:488E:9998EE:15C6620:60FB62BD"}
[debug] [2021-07-24T00:45:49.196Z] >>> [apiv2][query] GET https://api.github.com/user [none]
[debug] [2021-07-24T00:45:49.480Z] <<< [apiv2][status] GET https://api.github.com/user 200
[debug] [2021-07-24T00:45:49.480Z] <<< [apiv2][body] GET https://api.github.com/user {"login":"alexisbedoya","id":39450793,"node_id":"MDQ6VXNlcjM5NDUwNzkz","avatar_url":"https://avatars.githubusercontent.com/u/39450793?v=4","gravatar_id":"","url":"https://api.github.com/users/alexisbedoya","html_url":"https://github.com/alexisbedoya","followers_url":"https://api.github.com/users/alexisbedoya/followers","following_url":"https://api.github.com/users/alexisbedoya/following{/other_user}","gists_url":"https://api.github.com/users/alexisbedoya/gists{/gist_id}","starred_url":"https://api.github.com/users/alexisbedoya/starred{/owner}{/repo}","subscriptions_url":"https://api.github.com/users/alexisbedoya/subscriptions","organizations_url":"https://api.github.com/users/alexisbedoya/orgs","repos_url":"https://api.github.com/users/alexisbedoya/repos","events_url":"https://api.github.com/users/alexisbedoya/events{/privacy}","received_events_url":"https://api.github.com/users/alexisbedoya/received_events","type":"User","site_admin":false,"name":null,"company":null,"blog":"","location":null,"email":null,"hireable":null,"bio":null,"twitter_username":null,"public_repos":24,"public_gists":0,"followers":5,"following":14,"created_at":"2018-05-20T03:59:13Z","updated_at":"2021-07-24T00:45:48Z","private_gists":1,"total_private_repos":1,"owned_private_repos":1,"disk_usage":54916,"collaborators":0,"two_factor_authentication":true,"plan":{"name":"pro","space":976562499,"collaborators":0,"private_repos":9999}}
[info] 
[info] +  Success! Logged into GitHub as alexisbedoya 
[info] 
[debug] [2021-07-24T00:46:04.874Z] >>> [apiv2][query] GET https://api.github.com/repos//actions/secrets/public-key type=owner
[debug] [2021-07-24T00:46:05.183Z] <<< [apiv2][status] GET https://api.github.com/repos//actions/secrets/public-key 404
[debug] [2021-07-24T00:46:05.183Z] <<< [apiv2][body] GET https://api.github.com/repos//actions/secrets/public-key {"message":"Not Found","documentation_url":"https://docs.github.com/rest"}
[debug] [2021-07-24T00:46:05.348Z] >>> [apiv2][query] GET https://api.github.com/repos//actions/secrets/public-key type=owner
[debug] [2021-07-24T00:46:05.596Z] <<< [apiv2][status] GET https://api.github.com/repos//actions/secrets/public-key 404
[debug] [2021-07-24T00:46:05.597Z] <<< [apiv2][body] GET https://api.github.com/repos//actions/secrets/public-key {"message":"Not Found","documentation_url":"https://docs.github.com/rest"}
[debug] [2021-07-24T00:46:08.791Z] >>> [apiv2][query] GET https://api.github.com/repos//actions/secrets/public-key type=owner
[debug] [2021-07-24T00:46:08.974Z] >>> [apiv2][query] GET https://api.github.com/repos//actions/secrets/public-key type=owner
[debug] [2021-07-24T00:46:09.035Z] <<< [apiv2][status] GET https://api.github.com/repos//actions/secrets/public-key 404
[debug] [2021-07-24T00:46:09.035Z] <<< [apiv2][body] GET https://api.github.com/repos//actions/secrets/public-key {"message":"Not Found","documentation_url":"https://docs.github.com/rest"}
[debug] [2021-07-24T00:46:09.189Z] >>> [apiv2][query] GET https://api.github.com/repos//actions/secrets/public-key type=owner
[debug] [2021-07-24T00:46:09.205Z] <<< [apiv2][status] GET https://api.github.com/repos//actions/secrets/public-key 404
[debug] [2021-07-24T00:46:09.205Z] <<< [apiv2][body] GET https://api.github.com/repos//actions/secrets/public-key {"message":"Not Found","documentation_url":"https://docs.github.com/rest"}
[debug] [2021-07-24T00:46:09.415Z] <<< [apiv2][status] GET https://api.github.com/repos//actions/secrets/public-key 404
[debug] [2021-07-24T00:46:09.415Z] <<< [apiv2][body] GET https://api.github.com/repos//actions/secrets/public-key {"message":"Not Found","documentation_url":"https://docs.github.com/rest"}
[debug] [2021-07-24T00:47:55.376Z] >>> [apiv2][query] GET https://api.github.com/repos//actions/secrets/public-key type=owner
[debug] [2021-07-24T00:47:55.603Z] <<< [apiv2][status] GET https://api.github.com/repos//actions/secrets/public-key 404
[debug] [2021-07-24T00:47:55.603Z] <<< [apiv2][body] GET https://api.github.com/repos//actions/secrets/public-key {"message":"Not Found","documentation_url":"https://docs.github.com/rest"}
[debug] [2021-07-24T00:47:55.658Z] >>> [apiv2][query] GET https://api.github.com/repos//actions/secrets/public-key type=owner
[debug] [2021-07-24T00:47:55.834Z] >>> [apiv2][query] GET https://api.github.com/repos//actions/secrets/public-key type=owner
[debug] [2021-07-24T00:47:55.884Z] <<< [apiv2][status] GET https://api.github.com/repos//actions/secrets/public-key 404
[debug] [2021-07-24T00:47:55.885Z] <<< [apiv2][body] GET https://api.github.com/repos//actions/secrets/public-key {"message":"Not Found","documentation_url":"https://docs.github.com/rest"}
[debug] [2021-07-24T00:47:55.993Z] >>> [apiv2][query] GET https://api.github.com/repos//actions/secrets/public-key type=owner
[debug] [2021-07-24T00:47:56.079Z] <<< [apiv2][status] GET https://api.github.com/repos//actions/secrets/public-key 404
[debug] [2021-07-24T00:47:56.080Z] <<< [apiv2][body] GET https://api.github.com/repos//actions/secrets/public-key {"message":"Not Found","documentation_url":"https://docs.github.com/rest"}
[debug] [2021-07-24T00:47:56.169Z] >>> [apiv2][query] GET https://api.github.com/repos//actions/secrets/public-key type=owner
[debug] [2021-07-24T00:47:56.234Z] <<< [apiv2][status] GET https://api.github.com/repos//actions/secrets/public-key 404
[debug] [2021-07-24T00:47:56.235Z] <<< [apiv2][body] GET https://api.github.com/repos//actions/secrets/public-key {"message":"Not Found","documentation_url":"https://docs.github.com/rest"}
[debug] [2021-07-24T00:47:56.346Z] >>> [apiv2][query] GET https://api.github.com/repos//actions/secrets/public-key type=owner
[debug] [2021-07-24T00:47:56.392Z] <<< [apiv2][status] GET https://api.github.com/repos//actions/secrets/public-key 404
[debug] [2021-07-24T00:47:56.392Z] <<< [apiv2][body] GET https://api.github.com/repos//actions/secrets/public-key {"message":"Not Found","documentation_url":"https://docs.github.com/rest"}
[debug] [2021-07-24T00:47:56.569Z] >>> [apiv2][query] GET https://api.github.com/repos//actions/secrets/public-key type=owner
[debug] [2021-07-24T00:47:56.571Z] <<< [apiv2][status] GET https://api.github.com/repos//actions/secrets/public-key 404
[debug] [2021-07-24T00:47:56.571Z] <<< [apiv2][body] GET https://api.github.com/repos//actions/secrets/public-key {"message":"Not Found","documentation_url":"https://docs.github.com/rest"}
[debug] [2021-07-24T00:47:56.789Z] <<< [apiv2][status] GET https://api.github.com/repos//actions/secrets/public-key 404
[debug] [2021-07-24T00:47:56.789Z] <<< [apiv2][body] GET https://api.github.com/repos//actions/secrets/public-key {"message":"Not Found","documentation_url":"https://docs.github.com/rest"}
[debug] [2021-07-24T00:47:56.912Z] >>> [apiv2][query] GET https://api.github.com/repos//actions/secrets/public-key type=owner
[debug] [2021-07-24T00:47:57.131Z] <<< [apiv2][status] GET https://api.github.com/repos//actions/secrets/public-key 404
[debug] [2021-07-24T00:47:57.131Z] <<< [apiv2][body] GET https://api.github.com/repos//actions/secrets/public-key {"message":"Not Found","documentation_url":"https://docs.github.com/rest"}
[debug] [2021-07-24T00:47:57.139Z] >>> [apiv2][query] GET https://api.github.com/repos//actions/secrets/public-key type=owner
[debug] [2021-07-24T00:47:57.362Z] >>> [apiv2][query] GET https://api.github.com/repos//actions/secrets/public-key type=owner
[debug] [2021-07-24T00:47:57.381Z] <<< [apiv2][status] GET https://api.github.com/repos//actions/secrets/public-key 404
[debug] [2021-07-24T00:47:57.381Z] <<< [apiv2][body] GET https://api.github.com/repos//actions/secrets/public-key {"message":"Not Found","documentation_url":"https://docs.github.com/rest"}
[debug] [2021-07-24T00:47:57.589Z] <<< [apiv2][status] GET https://api.github.com/repos//actions/secrets/public-key 404
[debug] [2021-07-24T00:47:57.589Z] <<< [apiv2][body] GET https://api.github.com/repos//actions/secrets/public-key {"message":"Not Found","documentation_url":"https://docs.github.com/rest"}
